<?xml version="1.0" encoding="UTF-8" ?>
<testsuite failures="0" time="0.003" errors="0" skipped="1" tests="1" name="com.forest.ape.server.nio.TestFactory">
  <properties>
    <property name="java.runtime.name" value="Java(TM) SE Runtime Environment"/>
    <property name="sun.boot.library.path" value="D:\Program Files\Java\jdk1.6.0_24\jre\bin"/>
    <property name="java.vm.version" value="19.1-b02"/>
    <property name="java.vm.vendor" value="Sun Microsystems Inc."/>
    <property name="java.vendor.url" value="http://java.sun.com/"/>
    <property name="path.separator" value=";"/>
    <property name="java.vm.name" value="Java HotSpot(TM) Client VM"/>
    <property name="file.encoding.pkg" value="sun.io"/>
    <property name="user.country" value="CN"/>
    <property name="sun.java.launcher" value="SUN_STANDARD"/>
    <property name="sun.os.patch.level" value="Service Pack 1"/>
    <property name="java.vm.specification.name" value="Java Virtual Machine Specification"/>
    <property name="user.dir" value="D:\WorkStaff\git\works\share-projects\opensource\available"/>
    <property name="java.runtime.version" value="1.6.0_24-b07"/>
    <property name="java.awt.graphicsenv" value="sun.awt.Win32GraphicsEnvironment"/>
    <property name="basedir" value="D:\WorkStaff\git\works\share-projects\opensource\available"/>
    <property name="java.endorsed.dirs" value="D:\Program Files\Java\jdk1.6.0_24\jre\lib\endorsed"/>
    <property name="os.arch" value="x86"/>
    <property name="surefire.real.class.path" value="D:\WorkStaff\git\works\share-projects\opensource\available\target\surefire\surefirebooter5779648731853922465.jar"/>
    <property name="java.io.tmpdir" value="C:\Users\hongqin\AppData\Local\Temp\"/>
    <property name="line.separator" value="
"/>
    <property name="java.vm.specification.vendor" value="Sun Microsystems Inc."/>
    <property name="user.variant" value=""/>
    <property name="os.name" value="Windows 7"/>
    <property name="sun.jnu.encoding" value="GBK"/>
    <property name="java.library.path" value="D:\Program Files\Java\jdk1.6.0_24\jre\bin;.;C:\Windows\Sun\Java\bin;C:\Windows\system32;C:\Windows;C:\Program Files\Common Files\NetSarang;C:\Windows\system32;C:\Windows;C:\Windows\System32\Wbem;C:\Windows\System32\WindowsPowerShell\v1.0\;D:\Program Files\Java\jdk1.6.0_24\bin;D:\Program Files\apache-maven-3.0.3\bin;D:\Program Files\apache-ant-1.8.2\bin;D:\Program Files\EmEditor;C:\Program Files\Subversion\bin;C:\Program Files\Subversion\bin;D:\Program Files\TortoiseSVN\bin;D:\Program Files\Vim\vim73;D:\Program Files\OpenVPN\bin;D:\Program Files\SSH Communications Security\SSH Secure Shell;C:\Program Files\SSH Communications Security\SSH Secure Shell"/>
    <property name="surefire.test.class.path" value="D:\WorkStaff\git\works\share-projects\opensource\available\target\test-classes;D:\WorkStaff\git\works\share-projects\opensource\available\target\classes;C:\Users\hongqin\.m2\repository\org\slf4j\slf4j-api\1.6.1\slf4j-api-1.6.1.jar;C:\Users\hongqin\.m2\repository\org\slf4j\slf4j-log4j12\1.6.1\slf4j-log4j12-1.6.1.jar;C:\Users\hongqin\.m2\repository\log4j\log4j\1.2.16\log4j-1.2.16.jar;C:\Users\hongqin\.m2\repository\org\jboss\netty\3.2.2.Final\netty-3.2.2.Final.jar;C:\Users\hongqin\.m2\repository\junit\junit\4.8.2\junit-4.8.2.jar;C:\Users\hongqin\.m2\repository\com\rabbitmq\amqp-client\2.7.1\amqp-client-2.7.1.jar;C:\Users\hongqin\.m2\repository\commons-cli\commons-cli\1.1\commons-cli-1.1.jar;C:\Users\hongqin\.m2\repository\commons-io\commons-io\1.2\commons-io-1.2.jar;"/>
    <property name="java.specification.name" value="Java Platform API Specification"/>
    <property name="java.class.version" value="50.0"/>
    <property name="sun.management.compiler" value="HotSpot Client Compiler"/>
    <property name="os.version" value="6.1"/>
    <property name="user.home" value="C:\Users\hongqin"/>
    <property name="user.timezone" value="Asia/Shanghai"/>
    <property name="java.awt.printerjob" value="sun.awt.windows.WPrinterJob"/>
    <property name="java.specification.version" value="1.6"/>
    <property name="file.encoding" value="GBK"/>
    <property name="user.name" value="hongqin"/>
    <property name="java.class.path" value="D:\WorkStaff\git\works\share-projects\opensource\available\target\test-classes;D:\WorkStaff\git\works\share-projects\opensource\available\target\classes;C:\Users\hongqin\.m2\repository\org\slf4j\slf4j-api\1.6.1\slf4j-api-1.6.1.jar;C:\Users\hongqin\.m2\repository\org\slf4j\slf4j-log4j12\1.6.1\slf4j-log4j12-1.6.1.jar;C:\Users\hongqin\.m2\repository\log4j\log4j\1.2.16\log4j-1.2.16.jar;C:\Users\hongqin\.m2\repository\org\jboss\netty\3.2.2.Final\netty-3.2.2.Final.jar;C:\Users\hongqin\.m2\repository\junit\junit\4.8.2\junit-4.8.2.jar;C:\Users\hongqin\.m2\repository\com\rabbitmq\amqp-client\2.7.1\amqp-client-2.7.1.jar;C:\Users\hongqin\.m2\repository\commons-cli\commons-cli\1.1\commons-cli-1.1.jar;C:\Users\hongqin\.m2\repository\commons-io\commons-io\1.2\commons-io-1.2.jar;"/>
    <property name="java.vm.specification.version" value="1.0"/>
    <property name="sun.arch.data.model" value="32"/>
    <property name="java.home" value="D:\Program Files\Java\jdk1.6.0_24\jre"/>
    <property name="java.specification.vendor" value="Sun Microsystems Inc."/>
    <property name="user.language" value="zh"/>
    <property name="awt.toolkit" value="sun.awt.windows.WToolkit"/>
    <property name="java.vm.info" value="mixed mode, sharing"/>
    <property name="java.version" value="1.6.0_24"/>
    <property name="java.ext.dirs" value="D:\Program Files\Java\jdk1.6.0_24\jre\lib\ext;C:\Windows\Sun\Java\lib\ext"/>
    <property name="sun.boot.class.path" value="D:\Program Files\Java\jdk1.6.0_24\jre\lib\resources.jar;D:\Program Files\Java\jdk1.6.0_24\jre\lib\rt.jar;D:\Program Files\Java\jdk1.6.0_24\jre\lib\sunrsasign.jar;D:\Program Files\Java\jdk1.6.0_24\jre\lib\jsse.jar;D:\Program Files\Java\jdk1.6.0_24\jre\lib\jce.jar;D:\Program Files\Java\jdk1.6.0_24\jre\lib\charsets.jar;D:\Program Files\Java\jdk1.6.0_24\jre\lib\modules\jdk.boot.jar;D:\Program Files\Java\jdk1.6.0_24\jre\classes"/>
    <property name="java.vendor" value="Sun Microsystems Inc."/>
    <property name="localRepository" value="C:\Users\hongqin\.m2\repository"/>
    <property name="file.separator" value="\"/>
    <property name="java.vendor.url.bug" value="http://java.sun.com/cgi-bin/bugreport.cgi"/>
    <property name="sun.cpu.endian" value="little"/>
    <property name="sun.io.unicode.encoding" value="UnicodeLittle"/>
    <property name="sun.desktop" value="windows"/>
    <property name="sun.cpu.isalist" value=""/>
  </properties>
  <testcase time="0.246" classname="com.forest.ape.server.nio.TestFactory" name="testServerCnxnFactory">
    <skipped/>
  </testcase>
</testsuite>